#-----------------------------------------------------------
# Vivado v2018.3 (64-bit)
# SW Build 2405991 on Thu Dec  6 23:38:27 MST 2018
# IP Build 2404404 on Fri Dec  7 01:43:56 MST 2018
# Start of session at: Sat Sep 28 09:38:41 2019
# Process ID: 12560
# Current directory: B:/COLLEGE/19_20/Fall_19/CompE_475/ASS_1/SingleCycle
# Command line: vivado.exe -gui_launcher_event rodinguilauncherevent17092 B:\COLLEGE\19_20\Fall_19\CompE_475\ASS_1\SingleCycle\SingleCycle.xpr
# Log file: B:/COLLEGE/19_20/Fall_19/CompE_475/ASS_1/SingleCycle/vivado.log
# Journal file: B:/COLLEGE/19_20/Fall_19/CompE_475/ASS_1/SingleCycle\vivado.jou
#-----------------------------------------------------------
start_gui
open_project B:/COLLEGE/19_20/Fall_19/CompE_475/ASS_1/SingleCycle/SingleCycle.xpr
INFO: [Project 1-313] Project file moved from 'C:/Users/bfwan/Brandon.Fong/COLLEGE/19-20/Fall 19/CompE 475/ASS_1/SingleCycle' since last save.
Scanning sources...
Finished scanning sources
INFO: [IP_Flow 19-234] Refreshing IP repositories
INFO: [IP_Flow 19-1704] No user IP repositories specified
INFO: [IP_Flow 19-2313] Loaded Vivado IP repository 'C:/Xilinx.1/Vivado/2018.3/data/ip'.
open_project: Time (s): cpu = 00:00:16 ; elapsed = 00:00:22 . Memory (MB): peak = 657.074 ; gain = 103.289
WARNING: [Board 49-26] cannot add Board Part digilentinc.com:arty-z7-10:part0:1.0 available at C:/Xilinx.1/Vivado/2018.3/data/boards/board_files/arty-z7-10/A.0/board.xml as part xc7z010clg400-1 specified in board_part file is either invalid or not available
WARNING: [Board 49-26] cannot add Board Part digilentinc.com:arty-z7-20:part0:1.0 available at C:/Xilinx.1/Vivado/2018.3/data/boards/board_files/arty-z7-20/A.0/board.xml as part xc7z020clg400-1 specified in board_part file is either invalid or not available
WARNING: [Board 49-26] cannot add Board Part digilentinc.com:cora-z7-07s:part0:1.0 available at C:/Xilinx.1/Vivado/2018.3/data/boards/board_files/cora-z7-07s/B.0/board.xml as part xc7z007sclg400-1 specified in board_part file is either invalid or not available
WARNING: [Board 49-26] cannot add Board Part digilentinc.com:cora-z7-10:part0:1.0 available at C:/Xilinx.1/Vivado/2018.3/data/boards/board_files/cora-z7-10/B.0/board.xml as part xc7z010clg400-1 specified in board_part file is either invalid or not available
WARNING: [Board 49-26] cannot add Board Part digilentinc.com:genesys2:part0:1.1 available at C:/Xilinx.1/Vivado/2018.3/data/boards/board_files/genesys2/H/board.xml as part xc7k325tffg900-2 specified in board_part file is either invalid or not available
WARNING: [Board 49-26] cannot add Board Part digilentinc.com:sword:part0:1.0 available at C:/Xilinx.1/Vivado/2018.3/data/boards/board_files/sword/C.0/board.xml as part xc7k325tffg900-2 specified in board_part file is either invalid or not available
WARNING: [Board 49-26] cannot add Board Part digilentinc.com:zedboard:part0:1.0 available at C:/Xilinx.1/Vivado/2018.3/data/boards/board_files/zedboard/1.3/board.xml as part xc7z020clg484-1 specified in board_part file is either invalid or not available
WARNING: [Board 49-26] cannot add Board Part digilentinc.com:zybo-z7-10:part0:1.0 available at C:/Xilinx.1/Vivado/2018.3/data/boards/board_files/zybo-z7-10/A.0/board.xml as part xc7z010clg400-1 specified in board_part file is either invalid or not available
WARNING: [Board 49-26] cannot add Board Part digilentinc.com:zybo-z7-20:part0:1.0 available at C:/Xilinx.1/Vivado/2018.3/data/boards/board_files/zybo-z7-20/A.0/board.xml as part xc7z020clg400-1 specified in board_part file is either invalid or not available
WARNING: [Board 49-26] cannot add Board Part digilentinc.com:zybo:part0:1.0 available at C:/Xilinx.1/Vivado/2018.3/data/boards/board_files/zybo/B.3/board.xml as part xc7z010clg400-1 specified in board_part file is either invalid or not available
WARNING: [Board 49-26] cannot add Board Part digilentinc.com:arty-z7-10:part0:1.0 available at C:/Xilinx.1/Vivado/2018.3/data/boards/board_files/arty-z7-10/A.0/board.xml as part xc7z010clg400-1 specified in board_part file is either invalid or not available
WARNING: [Board 49-26] cannot add Board Part digilentinc.com:arty-z7-20:part0:1.0 available at C:/Xilinx.1/Vivado/2018.3/data/boards/board_files/arty-z7-20/A.0/board.xml as part xc7z020clg400-1 specified in board_part file is either invalid or not available
WARNING: [Board 49-26] cannot add Board Part digilentinc.com:cora-z7-07s:part0:1.0 available at C:/Xilinx.1/Vivado/2018.3/data/boards/board_files/cora-z7-07s/B.0/board.xml as part xc7z007sclg400-1 specified in board_part file is either invalid or not available
WARNING: [Board 49-26] cannot add Board Part digilentinc.com:cora-z7-10:part0:1.0 available at C:/Xilinx.1/Vivado/2018.3/data/boards/board_files/cora-z7-10/B.0/board.xml as part xc7z010clg400-1 specified in board_part file is either invalid or not available
WARNING: [Board 49-26] cannot add Board Part digilentinc.com:genesys2:part0:1.1 available at C:/Xilinx.1/Vivado/2018.3/data/boards/board_files/genesys2/H/board.xml as part xc7k325tffg900-2 specified in board_part file is either invalid or not available
WARNING: [Board 49-26] cannot add Board Part digilentinc.com:sword:part0:1.0 available at C:/Xilinx.1/Vivado/2018.3/data/boards/board_files/sword/C.0/board.xml as part xc7k325tffg900-2 specified in board_part file is either invalid or not available
WARNING: [Board 49-26] cannot add Board Part digilentinc.com:zedboard:part0:1.0 available at C:/Xilinx.1/Vivado/2018.3/data/boards/board_files/zedboard/1.3/board.xml as part xc7z020clg484-1 specified in board_part file is either invalid or not available
WARNING: [Board 49-26] cannot add Board Part digilentinc.com:zybo-z7-10:part0:1.0 available at C:/Xilinx.1/Vivado/2018.3/data/boards/board_files/zybo-z7-10/A.0/board.xml as part xc7z010clg400-1 specified in board_part file is either invalid or not available
WARNING: [Board 49-26] cannot add Board Part digilentinc.com:zybo-z7-20:part0:1.0 available at C:/Xilinx.1/Vivado/2018.3/data/boards/board_files/zybo-z7-20/A.0/board.xml as part xc7z020clg400-1 specified in board_part file is either invalid or not available
WARNING: [Board 49-26] cannot add Board Part digilentinc.com:zybo:part0:1.0 available at C:/Xilinx.1/Vivado/2018.3/data/boards/board_files/zybo/B.3/board.xml as part xc7z010clg400-1 specified in board_part file is either invalid or not available
WARNING: [Board 49-26] cannot add Board Part digilentinc.com:arty-z7-10:part0:1.0 available at C:/Xilinx.1/Vivado/2018.3/data/boards/board_files/arty-z7-10/A.0/board.xml as part xc7z010clg400-1 specified in board_part file is either invalid or not available
WARNING: [Board 49-26] cannot add Board Part digilentinc.com:arty-z7-20:part0:1.0 available at C:/Xilinx.1/Vivado/2018.3/data/boards/board_files/arty-z7-20/A.0/board.xml as part xc7z020clg400-1 specified in board_part file is either invalid or not available
WARNING: [Board 49-26] cannot add Board Part digilentinc.com:cora-z7-07s:part0:1.0 available at C:/Xilinx.1/Vivado/2018.3/data/boards/board_files/cora-z7-07s/B.0/board.xml as part xc7z007sclg400-1 specified in board_part file is either invalid or not available
WARNING: [Board 49-26] cannot add Board Part digilentinc.com:cora-z7-10:part0:1.0 available at C:/Xilinx.1/Vivado/2018.3/data/boards/board_files/cora-z7-10/B.0/board.xml as part xc7z010clg400-1 specified in board_part file is either invalid or not available
WARNING: [Board 49-26] cannot add Board Part digilentinc.com:genesys2:part0:1.1 available at C:/Xilinx.1/Vivado/2018.3/data/boards/board_files/genesys2/H/board.xml as part xc7k325tffg900-2 specified in board_part file is either invalid or not available
WARNING: [Board 49-26] cannot add Board Part digilentinc.com:sword:part0:1.0 available at C:/Xilinx.1/Vivado/2018.3/data/boards/board_files/sword/C.0/board.xml as part xc7k325tffg900-2 specified in board_part file is either invalid or not available
WARNING: [Board 49-26] cannot add Board Part digilentinc.com:zedboard:part0:1.0 available at C:/Xilinx.1/Vivado/2018.3/data/boards/board_files/zedboard/1.3/board.xml as part xc7z020clg484-1 specified in board_part file is either invalid or not available
WARNING: [Board 49-26] cannot add Board Part digilentinc.com:zybo-z7-10:part0:1.0 available at C:/Xilinx.1/Vivado/2018.3/data/boards/board_files/zybo-z7-10/A.0/board.xml as part xc7z010clg400-1 specified in board_part file is either invalid or not available
WARNING: [Board 49-26] cannot add Board Part digilentinc.com:zybo-z7-20:part0:1.0 available at C:/Xilinx.1/Vivado/2018.3/data/boards/board_files/zybo-z7-20/A.0/board.xml as part xc7z020clg400-1 specified in board_part file is either invalid or not available
WARNING: [Board 49-26] cannot add Board Part digilentinc.com:zybo:part0:1.0 available at C:/Xilinx.1/Vivado/2018.3/data/boards/board_files/zybo/B.3/board.xml as part xc7z010clg400-1 specified in board_part file is either invalid or not available
WARNING: [Board 49-26] cannot add Board Part digilentinc.com:arty-z7-10:part0:1.0 available at C:/Xilinx.1/Vivado/2018.3/data/boards/board_files/arty-z7-10/A.0/board.xml as part xc7z010clg400-1 specified in board_part file is either invalid or not available
WARNING: [Board 49-26] cannot add Board Part digilentinc.com:arty-z7-20:part0:1.0 available at C:/Xilinx.1/Vivado/2018.3/data/boards/board_files/arty-z7-20/A.0/board.xml as part xc7z020clg400-1 specified in board_part file is either invalid or not available
WARNING: [Board 49-26] cannot add Board Part digilentinc.com:cora-z7-07s:part0:1.0 available at C:/Xilinx.1/Vivado/2018.3/data/boards/board_files/cora-z7-07s/B.0/board.xml as part xc7z007sclg400-1 specified in board_part file is either invalid or not available
WARNING: [Board 49-26] cannot add Board Part digilentinc.com:cora-z7-10:part0:1.0 available at C:/Xilinx.1/Vivado/2018.3/data/boards/board_files/cora-z7-10/B.0/board.xml as part xc7z010clg400-1 specified in board_part file is either invalid or not available
WARNING: [Board 49-26] cannot add Board Part digilentinc.com:genesys2:part0:1.1 available at C:/Xilinx.1/Vivado/2018.3/data/boards/board_files/genesys2/H/board.xml as part xc7k325tffg900-2 specified in board_part file is either invalid or not available
WARNING: [Board 49-26] cannot add Board Part digilentinc.com:sword:part0:1.0 available at C:/Xilinx.1/Vivado/2018.3/data/boards/board_files/sword/C.0/board.xml as part xc7k325tffg900-2 specified in board_part file is either invalid or not available
WARNING: [Board 49-26] cannot add Board Part digilentinc.com:zedboard:part0:1.0 available at C:/Xilinx.1/Vivado/2018.3/data/boards/board_files/zedboard/1.3/board.xml as part xc7z020clg484-1 specified in board_part file is either invalid or not available
WARNING: [Board 49-26] cannot add Board Part digilentinc.com:zybo-z7-10:part0:1.0 available at C:/Xilinx.1/Vivado/2018.3/data/boards/board_files/zybo-z7-10/A.0/board.xml as part xc7z010clg400-1 specified in board_part file is either invalid or not available
WARNING: [Board 49-26] cannot add Board Part digilentinc.com:zybo-z7-20:part0:1.0 available at C:/Xilinx.1/Vivado/2018.3/data/boards/board_files/zybo-z7-20/A.0/board.xml as part xc7z020clg400-1 specified in board_part file is either invalid or not available
WARNING: [Board 49-26] cannot add Board Part digilentinc.com:zybo:part0:1.0 available at C:/Xilinx.1/Vivado/2018.3/data/boards/board_files/zybo/B.3/board.xml as part xc7z010clg400-1 specified in board_part file is either invalid or not available
WARNING: [Board 49-26] cannot add Board Part digilentinc.com:arty-z7-10:part0:1.0 available at C:/Xilinx.1/Vivado/2018.3/data/boards/board_files/arty-z7-10/A.0/board.xml as part xc7z010clg400-1 specified in board_part file is either invalid or not available
WARNING: [Board 49-26] cannot add Board Part digilentinc.com:arty-z7-20:part0:1.0 available at C:/Xilinx.1/Vivado/2018.3/data/boards/board_files/arty-z7-20/A.0/board.xml as part xc7z020clg400-1 specified in board_part file is either invalid or not available
WARNING: [Board 49-26] cannot add Board Part digilentinc.com:cora-z7-07s:part0:1.0 available at C:/Xilinx.1/Vivado/2018.3/data/boards/board_files/cora-z7-07s/B.0/board.xml as part xc7z007sclg400-1 specified in board_part file is either invalid or not available
WARNING: [Board 49-26] cannot add Board Part digilentinc.com:cora-z7-10:part0:1.0 available at C:/Xilinx.1/Vivado/2018.3/data/boards/board_files/cora-z7-10/B.0/board.xml as part xc7z010clg400-1 specified in board_part file is either invalid or not available
WARNING: [Board 49-26] cannot add Board Part digilentinc.com:genesys2:part0:1.1 available at C:/Xilinx.1/Vivado/2018.3/data/boards/board_files/genesys2/H/board.xml as part xc7k325tffg900-2 specified in board_part file is either invalid or not available
WARNING: [Board 49-26] cannot add Board Part digilentinc.com:sword:part0:1.0 available at C:/Xilinx.1/Vivado/2018.3/data/boards/board_files/sword/C.0/board.xml as part xc7k325tffg900-2 specified in board_part file is either invalid or not available
WARNING: [Board 49-26] cannot add Board Part digilentinc.com:zedboard:part0:1.0 available at C:/Xilinx.1/Vivado/2018.3/data/boards/board_files/zedboard/1.3/board.xml as part xc7z020clg484-1 specified in board_part file is either invalid or not available
WARNING: [Board 49-26] cannot add Board Part digilentinc.com:zybo-z7-10:part0:1.0 available at C:/Xilinx.1/Vivado/2018.3/data/boards/board_files/zybo-z7-10/A.0/board.xml as part xc7z010clg400-1 specified in board_part file is either invalid or not available
WARNING: [Board 49-26] cannot add Board Part digilentinc.com:zybo-z7-20:part0:1.0 available at C:/Xilinx.1/Vivado/2018.3/data/boards/board_files/zybo-z7-20/A.0/board.xml as part xc7z020clg400-1 specified in board_part file is either invalid or not available
WARNING: [Board 49-26] cannot add Board Part digilentinc.com:zybo:part0:1.0 available at C:/Xilinx.1/Vivado/2018.3/data/boards/board_files/zybo/B.3/board.xml as part xc7z010clg400-1 specified in board_part file is either invalid or not available
WARNING: [Board 49-26] cannot add Board Part digilentinc.com:arty-z7-10:part0:1.0 available at C:/Xilinx.1/Vivado/2018.3/data/boards/board_files/arty-z7-10/A.0/board.xml as part xc7z010clg400-1 specified in board_part file is either invalid or not available
WARNING: [Board 49-26] cannot add Board Part digilentinc.com:arty-z7-20:part0:1.0 available at C:/Xilinx.1/Vivado/2018.3/data/boards/board_files/arty-z7-20/A.0/board.xml as part xc7z020clg400-1 specified in board_part file is either invalid or not available
WARNING: [Board 49-26] cannot add Board Part digilentinc.com:cora-z7-07s:part0:1.0 available at C:/Xilinx.1/Vivado/2018.3/data/boards/board_files/cora-z7-07s/B.0/board.xml as part xc7z007sclg400-1 specified in board_part file is either invalid or not available
WARNING: [Board 49-26] cannot add Board Part digilentinc.com:cora-z7-10:part0:1.0 available at C:/Xilinx.1/Vivado/2018.3/data/boards/board_files/cora-z7-10/B.0/board.xml as part xc7z010clg400-1 specified in board_part file is either invalid or not available
WARNING: [Board 49-26] cannot add Board Part digilentinc.com:genesys2:part0:1.1 available at C:/Xilinx.1/Vivado/2018.3/data/boards/board_files/genesys2/H/board.xml as part xc7k325tffg900-2 specified in board_part file is either invalid or not available
WARNING: [Board 49-26] cannot add Board Part digilentinc.com:sword:part0:1.0 available at C:/Xilinx.1/Vivado/2018.3/data/boards/board_files/sword/C.0/board.xml as part xc7k325tffg900-2 specified in board_part file is either invalid or not available
WARNING: [Board 49-26] cannot add Board Part digilentinc.com:zedboard:part0:1.0 available at C:/Xilinx.1/Vivado/2018.3/data/boards/board_files/zedboard/1.3/board.xml as part xc7z020clg484-1 specified in board_part file is either invalid or not available
WARNING: [Board 49-26] cannot add Board Part digilentinc.com:zybo-z7-10:part0:1.0 available at C:/Xilinx.1/Vivado/2018.3/data/boards/board_files/zybo-z7-10/A.0/board.xml as part xc7z010clg400-1 specified in board_part file is either invalid or not available
WARNING: [Board 49-26] cannot add Board Part digilentinc.com:zybo-z7-20:part0:1.0 available at C:/Xilinx.1/Vivado/2018.3/data/boards/board_files/zybo-z7-20/A.0/board.xml as part xc7z020clg400-1 specified in board_part file is either invalid or not available
WARNING: [Board 49-26] cannot add Board Part digilentinc.com:zybo:part0:1.0 available at C:/Xilinx.1/Vivado/2018.3/data/boards/board_files/zybo/B.3/board.xml as part xc7z010clg400-1 specified in board_part file is either invalid or not available
WARNING: [Board 49-26] cannot add Board Part digilentinc.com:arty-z7-10:part0:1.0 available at C:/Xilinx.1/Vivado/2018.3/data/boards/board_files/arty-z7-10/A.0/board.xml as part xc7z010clg400-1 specified in board_part file is either invalid or not available
WARNING: [Board 49-26] cannot add Board Part digilentinc.com:arty-z7-20:part0:1.0 available at C:/Xilinx.1/Vivado/2018.3/data/boards/board_files/arty-z7-20/A.0/board.xml as part xc7z020clg400-1 specified in board_part file is either invalid or not available
WARNING: [Board 49-26] cannot add Board Part digilentinc.com:cora-z7-07s:part0:1.0 available at C:/Xilinx.1/Vivado/2018.3/data/boards/board_files/cora-z7-07s/B.0/board.xml as part xc7z007sclg400-1 specified in board_part file is either invalid or not available
WARNING: [Board 49-26] cannot add Board Part digilentinc.com:cora-z7-10:part0:1.0 available at C:/Xilinx.1/Vivado/2018.3/data/boards/board_files/cora-z7-10/B.0/board.xml as part xc7z010clg400-1 specified in board_part file is either invalid or not available
WARNING: [Board 49-26] cannot add Board Part digilentinc.com:genesys2:part0:1.1 available at C:/Xilinx.1/Vivado/2018.3/data/boards/board_files/genesys2/H/board.xml as part xc7k325tffg900-2 specified in board_part file is either invalid or not available
WARNING: [Board 49-26] cannot add Board Part digilentinc.com:sword:part0:1.0 available at C:/Xilinx.1/Vivado/2018.3/data/boards/board_files/sword/C.0/board.xml as part xc7k325tffg900-2 specified in board_part file is either invalid or not available
WARNING: [Board 49-26] cannot add Board Part digilentinc.com:zedboard:part0:1.0 available at C:/Xilinx.1/Vivado/2018.3/data/boards/board_files/zedboard/1.3/board.xml as part xc7z020clg484-1 specified in board_part file is either invalid or not available
WARNING: [Board 49-26] cannot add Board Part digilentinc.com:zybo:part0:1.0 available at C:/Xilinx.1/Vivado/2018.3/data/boards/board_files/zybo/B.3/board.xml as part xc7z010clg400-1 specified in board_part file is either invalid or not available
WARNING: [Board 49-26] cannot add Board Part digilentinc.com:zybo-z7-10:part0:1.0 available at C:/Xilinx.1/Vivado/2018.3/data/boards/board_files/zybo-z7-10/A.0/board.xml as part xc7z010clg400-1 specified in board_part file is either invalid or not available
WARNING: [Board 49-26] cannot add Board Part digilentinc.com:zybo-z7-20:part0:1.0 available at C:/Xilinx.1/Vivado/2018.3/data/boards/board_files/zybo-z7-20/A.0/board.xml as part xc7z020clg400-1 specified in board_part file is either invalid or not available
WARNING: [Board 49-26] cannot add Board Part digilentinc.com:arty-z7-10:part0:1.0 available at C:/Xilinx.1/Vivado/2018.3/data/boards/board_files/arty-z7-10/A.0/board.xml as part xc7z010clg400-1 specified in board_part file is either invalid or not available
WARNING: [Board 49-26] cannot add Board Part digilentinc.com:arty-z7-20:part0:1.0 available at C:/Xilinx.1/Vivado/2018.3/data/boards/board_files/arty-z7-20/A.0/board.xml as part xc7z020clg400-1 specified in board_part file is either invalid or not available
WARNING: [Board 49-26] cannot add Board Part digilentinc.com:cora-z7-07s:part0:1.0 available at C:/Xilinx.1/Vivado/2018.3/data/boards/board_files/cora-z7-07s/B.0/board.xml as part xc7z007sclg400-1 specified in board_part file is either invalid or not available
WARNING: [Board 49-26] cannot add Board Part digilentinc.com:cora-z7-10:part0:1.0 available at C:/Xilinx.1/Vivado/2018.3/data/boards/board_files/cora-z7-10/B.0/board.xml as part xc7z010clg400-1 specified in board_part file is either invalid or not available
WARNING: [Board 49-26] cannot add Board Part digilentinc.com:genesys2:part0:1.1 available at C:/Xilinx.1/Vivado/2018.3/data/boards/board_files/genesys2/H/board.xml as part xc7k325tffg900-2 specified in board_part file is either invalid or not available
WARNING: [Board 49-26] cannot add Board Part digilentinc.com:sword:part0:1.0 available at C:/Xilinx.1/Vivado/2018.3/data/boards/board_files/sword/C.0/board.xml as part xc7k325tffg900-2 specified in board_part file is either invalid or not available
WARNING: [Board 49-26] cannot add Board Part digilentinc.com:zedboard:part0:1.0 available at C:/Xilinx.1/Vivado/2018.3/data/boards/board_files/zedboard/1.3/board.xml as part xc7z020clg484-1 specified in board_part file is either invalid or not available
WARNING: [Board 49-26] cannot add Board Part digilentinc.com:zybo-z7-10:part0:1.0 available at C:/Xilinx.1/Vivado/2018.3/data/boards/board_files/zybo-z7-10/A.0/board.xml as part xc7z010clg400-1 specified in board_part file is either invalid or not available
WARNING: [Board 49-26] cannot add Board Part digilentinc.com:zybo-z7-20:part0:1.0 available at C:/Xilinx.1/Vivado/2018.3/data/boards/board_files/zybo-z7-20/A.0/board.xml as part xc7z020clg400-1 specified in board_part file is either invalid or not available
WARNING: [Board 49-26] cannot add Board Part digilentinc.com:zybo:part0:1.0 available at C:/Xilinx.1/Vivado/2018.3/data/boards/board_files/zybo/B.3/board.xml as part xc7z010clg400-1 specified in board_part file is either invalid or not available
WARNING: [Board 49-26] cannot add Board Part digilentinc.com:arty-z7-10:part0:1.0 available at C:/Xilinx.1/Vivado/2018.3/data/boards/board_files/arty-z7-10/A.0/board.xml as part xc7z010clg400-1 specified in board_part file is either invalid or not available
WARNING: [Board 49-26] cannot add Board Part digilentinc.com:arty-z7-20:part0:1.0 available at C:/Xilinx.1/Vivado/2018.3/data/boards/board_files/arty-z7-20/A.0/board.xml as part xc7z020clg400-1 specified in board_part file is either invalid or not available
WARNING: [Board 49-26] cannot add Board Part digilentinc.com:cora-z7-07s:part0:1.0 available at C:/Xilinx.1/Vivado/2018.3/data/boards/board_files/cora-z7-07s/B.0/board.xml as part xc7z007sclg400-1 specified in board_part file is either invalid or not available
WARNING: [Board 49-26] cannot add Board Part digilentinc.com:cora-z7-10:part0:1.0 available at C:/Xilinx.1/Vivado/2018.3/data/boards/board_files/cora-z7-10/B.0/board.xml as part xc7z010clg400-1 specified in board_part file is either invalid or not available
WARNING: [Board 49-26] cannot add Board Part digilentinc.com:genesys2:part0:1.1 available at C:/Xilinx.1/Vivado/2018.3/data/boards/board_files/genesys2/H/board.xml as part xc7k325tffg900-2 specified in board_part file is either invalid or not available
WARNING: [Board 49-26] cannot add Board Part digilentinc.com:sword:part0:1.0 available at C:/Xilinx.1/Vivado/2018.3/data/boards/board_files/sword/C.0/board.xml as part xc7k325tffg900-2 specified in board_part file is either invalid or not available
WARNING: [Board 49-26] cannot add Board Part digilentinc.com:zedboard:part0:1.0 available at C:/Xilinx.1/Vivado/2018.3/data/boards/board_files/zedboard/1.3/board.xml as part xc7z020clg484-1 specified in board_part file is either invalid or not available
WARNING: [Board 49-26] cannot add Board Part digilentinc.com:zybo-z7-10:part0:1.0 available at C:/Xilinx.1/Vivado/2018.3/data/boards/board_files/zybo-z7-10/A.0/board.xml as part xc7z010clg400-1 specified in board_part file is either invalid or not available
WARNING: [Board 49-26] cannot add Board Part digilentinc.com:zybo-z7-20:part0:1.0 available at C:/Xilinx.1/Vivado/2018.3/data/boards/board_files/zybo-z7-20/A.0/board.xml as part xc7z020clg400-1 specified in board_part file is either invalid or not available
WARNING: [Board 49-26] cannot add Board Part digilentinc.com:zybo:part0:1.0 available at C:/Xilinx.1/Vivado/2018.3/data/boards/board_files/zybo/B.3/board.xml as part xc7z010clg400-1 specified in board_part file is either invalid or not available
WARNING: [Board 49-26] cannot add Board Part digilentinc.com:arty-z7-10:part0:1.0 available at C:/Xilinx.1/Vivado/2018.3/data/boards/board_files/arty-z7-10/A.0/board.xml as part xc7z010clg400-1 specified in board_part file is either invalid or not available
WARNING: [Board 49-26] cannot add Board Part digilentinc.com:arty-z7-20:part0:1.0 available at C:/Xilinx.1/Vivado/2018.3/data/boards/board_files/arty-z7-20/A.0/board.xml as part xc7z020clg400-1 specified in board_part file is either invalid or not available
WARNING: [Board 49-26] cannot add Board Part digilentinc.com:cora-z7-07s:part0:1.0 available at C:/Xilinx.1/Vivado/2018.3/data/boards/board_files/cora-z7-07s/B.0/board.xml as part xc7z007sclg400-1 specified in board_part file is either invalid or not available
WARNING: [Board 49-26] cannot add Board Part digilentinc.com:cora-z7-10:part0:1.0 available at C:/Xilinx.1/Vivado/2018.3/data/boards/board_files/cora-z7-10/B.0/board.xml as part xc7z010clg400-1 specified in board_part file is either invalid or not available
WARNING: [Board 49-26] cannot add Board Part digilentinc.com:genesys2:part0:1.1 available at C:/Xilinx.1/Vivado/2018.3/data/boards/board_files/genesys2/H/board.xml as part xc7k325tffg900-2 specified in board_part file is either invalid or not available
WARNING: [Board 49-26] cannot add Board Part digilentinc.com:sword:part0:1.0 available at C:/Xilinx.1/Vivado/2018.3/data/boards/board_files/sword/C.0/board.xml as part xc7k325tffg900-2 specified in board_part file is either invalid or not available
WARNING: [Board 49-26] cannot add Board Part digilentinc.com:zedboard:part0:1.0 available at C:/Xilinx.1/Vivado/2018.3/data/boards/board_files/zedboard/1.3/board.xml as part xc7z020clg484-1 specified in board_part file is either invalid or not available
WARNING: [Board 49-26] cannot add Board Part digilentinc.com:zybo-z7-10:part0:1.0 available at C:/Xilinx.1/Vivado/2018.3/data/boards/board_files/zybo-z7-10/A.0/board.xml as part xc7z010clg400-1 specified in board_part file is either invalid or not available
WARNING: [Board 49-26] cannot add Board Part digilentinc.com:zybo-z7-20:part0:1.0 available at C:/Xilinx.1/Vivado/2018.3/data/boards/board_files/zybo-z7-20/A.0/board.xml as part xc7z020clg400-1 specified in board_part file is either invalid or not available
WARNING: [Board 49-26] cannot add Board Part digilentinc.com:zybo:part0:1.0 available at C:/Xilinx.1/Vivado/2018.3/data/boards/board_files/zybo/B.3/board.xml as part xc7z010clg400-1 specified in board_part file is either invalid or not available
INFO: [Common 17-14] Message 'Board 49-26' appears 100 times and further instances of the messages will be disabled. Use the Tcl command set_msg_config to change the current settings.
close_project
create_project MultiCycle B:/COLLEGE/19_20/Fall_19/CompE_475/ASS_4/MultiCycle -part xc7k70tfbv676-1
INFO: [IP_Flow 19-234] Refreshing IP repositories
INFO: [IP_Flow 19-1704] No user IP repositories specified
INFO: [IP_Flow 19-2313] Loaded Vivado IP repository 'C:/Xilinx.1/Vivado/2018.3/data/ip'.
create_project: Time (s): cpu = 00:00:09 ; elapsed = 00:00:07 . Memory (MB): peak = 666.926 ; gain = 0.000
file mkdir B:/COLLEGE/19_20/Fall_19/CompE_475/ASS_4/MultiCycle/MultiCycle.srcs/sources_1/new
close [ open B:/COLLEGE/19_20/Fall_19/CompE_475/ASS_4/MultiCycle/MultiCycle.srcs/sources_1/new/control_unit.v w ]
add_files B:/COLLEGE/19_20/Fall_19/CompE_475/ASS_4/MultiCycle/MultiCycle.srcs/sources_1/new/control_unit.v
close [ open B:/COLLEGE/19_20/Fall_19/CompE_475/ASS_4/MultiCycle/MultiCycle.srcs/sources_1/new/ALU.v w ]
add_files B:/COLLEGE/19_20/Fall_19/CompE_475/ASS_4/MultiCycle/MultiCycle.srcs/sources_1/new/ALU.v
close [ open B:/COLLEGE/19_20/Fall_19/CompE_475/ASS_4/MultiCycle/MultiCycle.srcs/sources_1/new/jump.v w ]
add_files B:/COLLEGE/19_20/Fall_19/CompE_475/ASS_4/MultiCycle/MultiCycle.srcs/sources_1/new/jump.v
close [ open B:/COLLEGE/19_20/Fall_19/CompE_475/ASS_4/MultiCycle/MultiCycle.srcs/sources_1/new/reg_file.v w ]
add_files B:/COLLEGE/19_20/Fall_19/CompE_475/ASS_4/MultiCycle/MultiCycle.srcs/sources_1/new/reg_file.v
close [ open B:/COLLEGE/19_20/Fall_19/CompE_475/ASS_4/MultiCycle/MultiCycle.srcs/sources_1/new/or0.v w ]
add_files B:/COLLEGE/19_20/Fall_19/CompE_475/ASS_4/MultiCycle/MultiCycle.srcs/sources_1/new/or0.v
close [ open B:/COLLEGE/19_20/Fall_19/CompE_475/ASS_4/MultiCycle/MultiCycle.srcs/sources_1/new/sign_extension.v w ]
add_files B:/COLLEGE/19_20/Fall_19/CompE_475/ASS_4/MultiCycle/MultiCycle.srcs/sources_1/new/sign_extension.v
close [ open B:/COLLEGE/19_20/Fall_19/CompE_475/ASS_4/MultiCycle/MultiCycle.srcs/sources_1/new/mux5.v w ]
add_files B:/COLLEGE/19_20/Fall_19/CompE_475/ASS_4/MultiCycle/MultiCycle.srcs/sources_1/new/mux5.v
close [ open B:/COLLEGE/19_20/Fall_19/CompE_475/ASS_4/MultiCycle/MultiCycle.srcs/sources_1/new/mux4.v w ]
add_files B:/COLLEGE/19_20/Fall_19/CompE_475/ASS_4/MultiCycle/MultiCycle.srcs/sources_1/new/mux4.v
close [ open B:/COLLEGE/19_20/Fall_19/CompE_475/ASS_4/MultiCycle/MultiCycle.srcs/sources_1/new/inst_register.v w ]
add_files B:/COLLEGE/19_20/Fall_19/CompE_475/ASS_4/MultiCycle/MultiCycle.srcs/sources_1/new/inst_register.v
close [ open B:/COLLEGE/19_20/Fall_19/CompE_475/ASS_4/MultiCycle/MultiCycle.srcs/sources_1/new/mux0.v w ]
add_files B:/COLLEGE/19_20/Fall_19/CompE_475/ASS_4/MultiCycle/MultiCycle.srcs/sources_1/new/mux0.v
close [ open B:/COLLEGE/19_20/Fall_19/CompE_475/ASS_4/MultiCycle/MultiCycle.srcs/sources_1/new/mux1.v w ]
add_files B:/COLLEGE/19_20/Fall_19/CompE_475/ASS_4/MultiCycle/MultiCycle.srcs/sources_1/new/mux1.v
close [ open B:/COLLEGE/19_20/Fall_19/CompE_475/ASS_4/MultiCycle/MultiCycle.srcs/sources_1/new/mux2.v w ]
add_files B:/COLLEGE/19_20/Fall_19/CompE_475/ASS_4/MultiCycle/MultiCycle.srcs/sources_1/new/mux2.v
close [ open B:/COLLEGE/19_20/Fall_19/CompE_475/ASS_4/MultiCycle/MultiCycle.srcs/sources_1/new/program_counter.v w ]
add_files B:/COLLEGE/19_20/Fall_19/CompE_475/ASS_4/MultiCycle/MultiCycle.srcs/sources_1/new/program_counter.v
close [ open B:/COLLEGE/19_20/Fall_19/CompE_475/ASS_4/MultiCycle/MultiCycle.srcs/sources_1/new/mux3.v w ]
add_files B:/COLLEGE/19_20/Fall_19/CompE_475/ASS_4/MultiCycle/MultiCycle.srcs/sources_1/new/mux3.v
close [ open B:/COLLEGE/19_20/Fall_19/CompE_475/ASS_4/MultiCycle/MultiCycle.srcs/sources_1/new/reg1.v w ]
add_files B:/COLLEGE/19_20/Fall_19/CompE_475/ASS_4/MultiCycle/MultiCycle.srcs/sources_1/new/reg1.v
close [ open B:/COLLEGE/19_20/Fall_19/CompE_475/ASS_4/MultiCycle/MultiCycle.srcs/sources_1/new/and0.v w ]
add_files B:/COLLEGE/19_20/Fall_19/CompE_475/ASS_4/MultiCycle/MultiCycle.srcs/sources_1/new/and0.v
close [ open B:/COLLEGE/19_20/Fall_19/CompE_475/ASS_4/MultiCycle/MultiCycle.srcs/sources_1/new/memory.v w ]
add_files B:/COLLEGE/19_20/Fall_19/CompE_475/ASS_4/MultiCycle/MultiCycle.srcs/sources_1/new/memory.v
close [ open B:/COLLEGE/19_20/Fall_19/CompE_475/ASS_4/MultiCycle/MultiCycle.srcs/sources_1/new/reg0.v w ]
add_files B:/COLLEGE/19_20/Fall_19/CompE_475/ASS_4/MultiCycle/MultiCycle.srcs/sources_1/new/reg0.v
close [ open B:/COLLEGE/19_20/Fall_19/CompE_475/ASS_4/MultiCycle/MultiCycle.srcs/sources_1/new/top_module.v w ]
add_files B:/COLLEGE/19_20/Fall_19/CompE_475/ASS_4/MultiCycle/MultiCycle.srcs/sources_1/new/top_module.v
close [ open B:/COLLEGE/19_20/Fall_19/CompE_475/ASS_4/MultiCycle/MultiCycle.srcs/sources_1/new/data_register.v w ]
add_files B:/COLLEGE/19_20/Fall_19/CompE_475/ASS_4/MultiCycle/MultiCycle.srcs/sources_1/new/data_register.v
update_compile_order -fileset sources_1
WARNING: [filemgmt 56-199] Attempt to get parsing info during refresh. "On-the-fly" syntax checking information may be incorrect. [B:/COLLEGE/19_20/Fall_19/CompE_475/ASS_4/MultiCycle/MultiCycle.srcs/sources_1/new/mux5.v:]
WARNING: [filemgmt 56-199] Attempt to get parsing info during refresh. "On-the-fly" syntax checking information may be incorrect. [B:/COLLEGE/19_20/Fall_19/CompE_475/ASS_4/MultiCycle/MultiCycle.srcs/sources_1/new/mux4.v:]
WARNING: [filemgmt 56-199] Attempt to get parsing info during refresh. "On-the-fly" syntax checking information may be incorrect. [B:/COLLEGE/19_20/Fall_19/CompE_475/ASS_4/MultiCycle/MultiCycle.srcs/sources_1/new/inst_register.v:]
WARNING: [filemgmt 56-199] Attempt to get parsing info during refresh. "On-the-fly" syntax checking information may be incorrect. [B:/COLLEGE/19_20/Fall_19/CompE_475/ASS_4/MultiCycle/MultiCycle.srcs/sources_1/new/mux3.v:]
WARNING: [filemgmt 56-199] Attempt to get parsing info during refresh. "On-the-fly" syntax checking information may be incorrect. [B:/COLLEGE/19_20/Fall_19/CompE_475/ASS_4/MultiCycle/MultiCycle.srcs/sources_1/new/mux2.v:]
WARNING: [filemgmt 56-199] Attempt to get parsing info during refresh. "On-the-fly" syntax checking information may be incorrect. [B:/COLLEGE/19_20/Fall_19/CompE_475/ASS_4/MultiCycle/MultiCycle.srcs/sources_1/new/mux1.v:]
WARNING: [filemgmt 56-199] Attempt to get parsing info during refresh. "On-the-fly" syntax checking information may be incorrect. [B:/COLLEGE/19_20/Fall_19/CompE_475/ASS_4/MultiCycle/MultiCycle.srcs/sources_1/new/mux0.v:]
WARNING: [filemgmt 56-199] Attempt to get parsing info during refresh. "On-the-fly" syntax checking information may be incorrect. [B:/COLLEGE/19_20/Fall_19/CompE_475/ASS_4/MultiCycle/MultiCycle.srcs/sources_1/new/sign_extension.v:]
WARNING: [filemgmt 56-199] Attempt to get parsing info during refresh. "On-the-fly" syntax checking information may be incorrect. [B:/COLLEGE/19_20/Fall_19/CompE_475/ASS_4/MultiCycle/MultiCycle.srcs/sources_1/new/data_register.v:]
WARNING: [filemgmt 56-199] Attempt to get parsing info during refresh. "On-the-fly" syntax checking information may be incorrect. [B:/COLLEGE/19_20/Fall_19/CompE_475/ASS_4/MultiCycle/MultiCycle.srcs/sources_1/new/memory.v:]
WARNING: [filemgmt 56-199] Attempt to get parsing info during refresh. "On-the-fly" syntax checking information may be incorrect. [B:/COLLEGE/19_20/Fall_19/CompE_475/ASS_4/MultiCycle/MultiCycle.srcs/sources_1/new/or0.v:]
WARNING: [filemgmt 56-199] Attempt to get parsing info during refresh. "On-the-fly" syntax checking information may be incorrect. [B:/COLLEGE/19_20/Fall_19/CompE_475/ASS_4/MultiCycle/MultiCycle.srcs/sources_1/new/reg_file.v:]
WARNING: [filemgmt 56-199] Attempt to get parsing info during refresh. "On-the-fly" syntax checking information may be incorrect. [B:/COLLEGE/19_20/Fall_19/CompE_475/ASS_4/MultiCycle/MultiCycle.srcs/sources_1/new/jump.v:]
WARNING: [filemgmt 56-199] Attempt to get parsing info during refresh. "On-the-fly" syntax checking information may be incorrect. [B:/COLLEGE/19_20/Fall_19/CompE_475/ASS_4/MultiCycle/MultiCycle.srcs/sources_1/new/ALU.v:]
WARNING: [filemgmt 56-199] Attempt to get parsing info during refresh. "On-the-fly" syntax checking information may be incorrect. [B:/COLLEGE/19_20/Fall_19/CompE_475/ASS_4/MultiCycle/MultiCycle.srcs/sources_1/new/reg0.v:]
WARNING: [filemgmt 56-199] Attempt to get parsing info during refresh. "On-the-fly" syntax checking information may be incorrect. [B:/COLLEGE/19_20/Fall_19/CompE_475/ASS_4/MultiCycle/MultiCycle.srcs/sources_1/new/program_counter.v:]
WARNING: [filemgmt 56-199] Attempt to get parsing info during refresh. "On-the-fly" syntax checking information may be incorrect. [B:/COLLEGE/19_20/Fall_19/CompE_475/ASS_4/MultiCycle/MultiCycle.srcs/sources_1/new/reg1.v:]
WARNING: [filemgmt 56-199] Attempt to get parsing info during refresh. "On-the-fly" syntax checking information may be incorrect. [B:/COLLEGE/19_20/Fall_19/CompE_475/ASS_4/MultiCycle/MultiCycle.srcs/sources_1/new/and0.v:]
WARNING: [filemgmt 56-199] Attempt to get parsing info during refresh. "On-the-fly" syntax checking information may be incorrect. [B:/COLLEGE/19_20/Fall_19/CompE_475/ASS_4/MultiCycle/MultiCycle.srcs/sources_1/new/control_unit.v:]
WARNING: [filemgmt 56-199] Attempt to get parsing info during refresh. "On-the-fly" syntax checking information may be incorrect. [B:/COLLEGE/19_20/Fall_19/CompE_475/ASS_4/MultiCycle/MultiCycle.srcs/sources_1/new/top_module.v:]
ERROR: [Common 17-180] Spawn failed: No error
WARNING: [filemgmt 56-199] Attempt to get parsing info during refresh. "On-the-fly" syntax checking information may be incorrect. [B:/COLLEGE/19_20/Fall_19/CompE_475/ASS_4/MultiCycle/MultiCycle.srcs/sources_1/new/mux5.v:]
WARNING: [filemgmt 56-199] Attempt to get parsing info during refresh. "On-the-fly" syntax checking information may be incorrect. [B:/COLLEGE/19_20/Fall_19/CompE_475/ASS_4/MultiCycle/MultiCycle.srcs/sources_1/new/mux4.v:]
WARNING: [filemgmt 56-199] Attempt to get parsing info during refresh. "On-the-fly" syntax checking information may be incorrect. [B:/COLLEGE/19_20/Fall_19/CompE_475/ASS_4/MultiCycle/MultiCycle.srcs/sources_1/new/inst_register.v:]
WARNING: [filemgmt 56-199] Attempt to get parsing info during refresh. "On-the-fly" syntax checking information may be incorrect. [B:/COLLEGE/19_20/Fall_19/CompE_475/ASS_4/MultiCycle/MultiCycle.srcs/sources_1/new/mux3.v:]
WARNING: [filemgmt 56-199] Attempt to get parsing info during refresh. "On-the-fly" syntax checking information may be incorrect. [B:/COLLEGE/19_20/Fall_19/CompE_475/ASS_4/MultiCycle/MultiCycle.srcs/sources_1/new/mux2.v:]
WARNING: [filemgmt 56-199] Attempt to get parsing info during refresh. "On-the-fly" syntax checking information may be incorrect. [B:/COLLEGE/19_20/Fall_19/CompE_475/ASS_4/MultiCycle/MultiCycle.srcs/sources_1/new/mux1.v:]
WARNING: [filemgmt 56-199] Attempt to get parsing info during refresh. "On-the-fly" syntax checking information may be incorrect. [B:/COLLEGE/19_20/Fall_19/CompE_475/ASS_4/MultiCycle/MultiCycle.srcs/sources_1/new/mux0.v:]
WARNING: [filemgmt 56-199] Attempt to get parsing info during refresh. "On-the-fly" syntax checking information may be incorrect. [B:/COLLEGE/19_20/Fall_19/CompE_475/ASS_4/MultiCycle/MultiCycle.srcs/sources_1/new/sign_extension.v:]
WARNING: [filemgmt 56-199] Attempt to get parsing info during refresh. "On-the-fly" syntax checking information may be incorrect. [B:/COLLEGE/19_20/Fall_19/CompE_475/ASS_4/MultiCycle/MultiCycle.srcs/sources_1/new/data_register.v:]
WARNING: [filemgmt 56-199] Attempt to get parsing info during refresh. "On-the-fly" syntax checking information may be incorrect. [B:/COLLEGE/19_20/Fall_19/CompE_475/ASS_4/MultiCycle/MultiCycle.srcs/sources_1/new/memory.v:]
WARNING: [filemgmt 56-199] Attempt to get parsing info during refresh. "On-the-fly" syntax checking information may be incorrect. [B:/COLLEGE/19_20/Fall_19/CompE_475/ASS_4/MultiCycle/MultiCycle.srcs/sources_1/new/or0.v:]
WARNING: [filemgmt 56-199] Attempt to get parsing info during refresh. "On-the-fly" syntax checking information may be incorrect. [B:/COLLEGE/19_20/Fall_19/CompE_475/ASS_4/MultiCycle/MultiCycle.srcs/sources_1/new/reg_file.v:]
WARNING: [filemgmt 56-199] Attempt to get parsing info during refresh. "On-the-fly" syntax checking information may be incorrect. [B:/COLLEGE/19_20/Fall_19/CompE_475/ASS_4/MultiCycle/MultiCycle.srcs/sources_1/new/jump.v:]
WARNING: [filemgmt 56-199] Attempt to get parsing info during refresh. "On-the-fly" syntax checking information may be incorrect. [B:/COLLEGE/19_20/Fall_19/CompE_475/ASS_4/MultiCycle/MultiCycle.srcs/sources_1/new/ALU.v:]
WARNING: [filemgmt 56-199] Attempt to get parsing info during refresh. "On-the-fly" syntax checking information may be incorrect. [B:/COLLEGE/19_20/Fall_19/CompE_475/ASS_4/MultiCycle/MultiCycle.srcs/sources_1/new/reg0.v:]
WARNING: [filemgmt 56-199] Attempt to get parsing info during refresh. "On-the-fly" syntax checking information may be incorrect. [B:/COLLEGE/19_20/Fall_19/CompE_475/ASS_4/MultiCycle/MultiCycle.srcs/sources_1/new/program_counter.v:]
WARNING: [filemgmt 56-199] Attempt to get parsing info during refresh. "On-the-fly" syntax checking information may be incorrect. [B:/COLLEGE/19_20/Fall_19/CompE_475/ASS_4/MultiCycle/MultiCycle.srcs/sources_1/new/reg1.v:]
WARNING: [filemgmt 56-199] Attempt to get parsing info during refresh. "On-the-fly" syntax checking information may be incorrect. [B:/COLLEGE/19_20/Fall_19/CompE_475/ASS_4/MultiCycle/MultiCycle.srcs/sources_1/new/and0.v:]
WARNING: [filemgmt 56-199] Attempt to get parsing info during refresh. "On-the-fly" syntax checking information may be incorrect. [B:/COLLEGE/19_20/Fall_19/CompE_475/ASS_4/MultiCycle/MultiCycle.srcs/sources_1/new/control_unit.v:]
WARNING: [filemgmt 56-199] Attempt to get parsing info during refresh. "On-the-fly" syntax checking information may be incorrect. [B:/COLLEGE/19_20/Fall_19/CompE_475/ASS_4/MultiCycle/MultiCycle.srcs/sources_1/new/top_module.v:]
WARNING: [filemgmt 56-199] Attempt to get parsing info during refresh. "On-the-fly" syntax checking information may be incorrect. [B:/COLLEGE/19_20/Fall_19/CompE_475/ASS_4/MultiCycle/MultiCycle.srcs/sources_1/new/mux5.v:]
WARNING: [filemgmt 56-199] Attempt to get parsing info during refresh. "On-the-fly" syntax checking information may be incorrect. [B:/COLLEGE/19_20/Fall_19/CompE_475/ASS_4/MultiCycle/MultiCycle.srcs/sources_1/new/mux4.v:]
WARNING: [filemgmt 56-199] Attempt to get parsing info during refresh. "On-the-fly" syntax checking information may be incorrect. [B:/COLLEGE/19_20/Fall_19/CompE_475/ASS_4/MultiCycle/MultiCycle.srcs/sources_1/new/inst_register.v:]
WARNING: [filemgmt 56-199] Attempt to get parsing info during refresh. "On-the-fly" syntax checking information may be incorrect. [B:/COLLEGE/19_20/Fall_19/CompE_475/ASS_4/MultiCycle/MultiCycle.srcs/sources_1/new/mux3.v:]
WARNING: [filemgmt 56-199] Attempt to get parsing info during refresh. "On-the-fly" syntax checking information may be incorrect. [B:/COLLEGE/19_20/Fall_19/CompE_475/ASS_4/MultiCycle/MultiCycle.srcs/sources_1/new/mux2.v:]
WARNING: [filemgmt 56-199] Attempt to get parsing info during refresh. "On-the-fly" syntax checking information may be incorrect. [B:/COLLEGE/19_20/Fall_19/CompE_475/ASS_4/MultiCycle/MultiCycle.srcs/sources_1/new/mux1.v:]
WARNING: [filemgmt 56-199] Attempt to get parsing info during refresh. "On-the-fly" syntax checking information may be incorrect. [B:/COLLEGE/19_20/Fall_19/CompE_475/ASS_4/MultiCycle/MultiCycle.srcs/sources_1/new/mux0.v:]
WARNING: [filemgmt 56-199] Attempt to get parsing info during refresh. "On-the-fly" syntax checking information may be incorrect. [B:/COLLEGE/19_20/Fall_19/CompE_475/ASS_4/MultiCycle/MultiCycle.srcs/sources_1/new/sign_extension.v:]
WARNING: [filemgmt 56-199] Attempt to get parsing info during refresh. "On-the-fly" syntax checking information may be incorrect. [B:/COLLEGE/19_20/Fall_19/CompE_475/ASS_4/MultiCycle/MultiCycle.srcs/sources_1/new/data_register.v:]
WARNING: [filemgmt 56-199] Attempt to get parsing info during refresh. "On-the-fly" syntax checking information may be incorrect. [B:/COLLEGE/19_20/Fall_19/CompE_475/ASS_4/MultiCycle/MultiCycle.srcs/sources_1/new/memory.v:]
WARNING: [filemgmt 56-199] Attempt to get parsing info during refresh. "On-the-fly" syntax checking information may be incorrect. [B:/COLLEGE/19_20/Fall_19/CompE_475/ASS_4/MultiCycle/MultiCycle.srcs/sources_1/new/or0.v:]
WARNING: [filemgmt 56-199] Attempt to get parsing info during refresh. "On-the-fly" syntax checking information may be incorrect. [B:/COLLEGE/19_20/Fall_19/CompE_475/ASS_4/MultiCycle/MultiCycle.srcs/sources_1/new/reg_file.v:]
WARNING: [filemgmt 56-199] Attempt to get parsing info during refresh. "On-the-fly" syntax checking information may be incorrect. [B:/COLLEGE/19_20/Fall_19/CompE_475/ASS_4/MultiCycle/MultiCycle.srcs/sources_1/new/jump.v:]
WARNING: [filemgmt 56-199] Attempt to get parsing info during refresh. "On-the-fly" syntax checking information may be incorrect. [B:/COLLEGE/19_20/Fall_19/CompE_475/ASS_4/MultiCycle/MultiCycle.srcs/sources_1/new/ALU.v:]
WARNING: [filemgmt 56-199] Attempt to get parsing info during refresh. "On-the-fly" syntax checking information may be incorrect. [B:/COLLEGE/19_20/Fall_19/CompE_475/ASS_4/MultiCycle/MultiCycle.srcs/sources_1/new/reg0.v:]
WARNING: [filemgmt 56-199] Attempt to get parsing info during refresh. "On-the-fly" syntax checking information may be incorrect. [B:/COLLEGE/19_20/Fall_19/CompE_475/ASS_4/MultiCycle/MultiCycle.srcs/sources_1/new/program_counter.v:]
WARNING: [filemgmt 56-199] Attempt to get parsing info during refresh. "On-the-fly" syntax checking information may be incorrect. [B:/COLLEGE/19_20/Fall_19/CompE_475/ASS_4/MultiCycle/MultiCycle.srcs/sources_1/new/reg1.v:]
WARNING: [filemgmt 56-199] Attempt to get parsing info during refresh. "On-the-fly" syntax checking information may be incorrect. [B:/COLLEGE/19_20/Fall_19/CompE_475/ASS_4/MultiCycle/MultiCycle.srcs/sources_1/new/and0.v:]
WARNING: [filemgmt 56-199] Attempt to get parsing info during refresh. "On-the-fly" syntax checking information may be incorrect. [B:/COLLEGE/19_20/Fall_19/CompE_475/ASS_4/MultiCycle/MultiCycle.srcs/sources_1/new/control_unit.v:]
WARNING: [filemgmt 56-199] Attempt to get parsing info during refresh. "On-the-fly" syntax checking information may be incorrect. [B:/COLLEGE/19_20/Fall_19/CompE_475/ASS_4/MultiCycle/MultiCycle.srcs/sources_1/new/top_module.v:]
WARNING: [filemgmt 56-199] Attempt to get parsing info during refresh. "On-the-fly" syntax checking information may be incorrect. [B:/COLLEGE/19_20/Fall_19/CompE_475/ASS_4/MultiCycle/MultiCycle.srcs/sources_1/new/mux5.v:]
WARNING: [filemgmt 56-199] Attempt to get parsing info during refresh. "On-the-fly" syntax checking information may be incorrect. [B:/COLLEGE/19_20/Fall_19/CompE_475/ASS_4/MultiCycle/MultiCycle.srcs/sources_1/new/mux4.v:]
WARNING: [filemgmt 56-199] Attempt to get parsing info during refresh. "On-the-fly" syntax checking information may be incorrect. [B:/COLLEGE/19_20/Fall_19/CompE_475/ASS_4/MultiCycle/MultiCycle.srcs/sources_1/new/inst_register.v:]
WARNING: [filemgmt 56-199] Attempt to get parsing info during refresh. "On-the-fly" syntax checking information may be incorrect. [B:/COLLEGE/19_20/Fall_19/CompE_475/ASS_4/MultiCycle/MultiCycle.srcs/sources_1/new/mux3.v:]
WARNING: [filemgmt 56-199] Attempt to get parsing info during refresh. "On-the-fly" syntax checking information may be incorrect. [B:/COLLEGE/19_20/Fall_19/CompE_475/ASS_4/MultiCycle/MultiCycle.srcs/sources_1/new/mux2.v:]
WARNING: [filemgmt 56-199] Attempt to get parsing info during refresh. "On-the-fly" syntax checking information may be incorrect. [B:/COLLEGE/19_20/Fall_19/CompE_475/ASS_4/MultiCycle/MultiCycle.srcs/sources_1/new/mux1.v:]
WARNING: [filemgmt 56-199] Attempt to get parsing info during refresh. "On-the-fly" syntax checking information may be incorrect. [B:/COLLEGE/19_20/Fall_19/CompE_475/ASS_4/MultiCycle/MultiCycle.srcs/sources_1/new/mux0.v:]
WARNING: [filemgmt 56-199] Attempt to get parsing info during refresh. "On-the-fly" syntax checking information may be incorrect. [B:/COLLEGE/19_20/Fall_19/CompE_475/ASS_4/MultiCycle/MultiCycle.srcs/sources_1/new/sign_extension.v:]
WARNING: [filemgmt 56-199] Attempt to get parsing info during refresh. "On-the-fly" syntax checking information may be incorrect. [B:/COLLEGE/19_20/Fall_19/CompE_475/ASS_4/MultiCycle/MultiCycle.srcs/sources_1/new/data_register.v:]
WARNING: [filemgmt 56-199] Attempt to get parsing info during refresh. "On-the-fly" syntax checking information may be incorrect. [B:/COLLEGE/19_20/Fall_19/CompE_475/ASS_4/MultiCycle/MultiCycle.srcs/sources_1/new/memory.v:]
WARNING: [filemgmt 56-199] Attempt to get parsing info during refresh. "On-the-fly" syntax checking information may be incorrect. [B:/COLLEGE/19_20/Fall_19/CompE_475/ASS_4/MultiCycle/MultiCycle.srcs/sources_1/new/or0.v:]
WARNING: [filemgmt 56-199] Attempt to get parsing info during refresh. "On-the-fly" syntax checking information may be incorrect. [B:/COLLEGE/19_20/Fall_19/CompE_475/ASS_4/MultiCycle/MultiCycle.srcs/sources_1/new/reg_file.v:]
WARNING: [filemgmt 56-199] Attempt to get parsing info during refresh. "On-the-fly" syntax checking information may be incorrect. [B:/COLLEGE/19_20/Fall_19/CompE_475/ASS_4/MultiCycle/MultiCycle.srcs/sources_1/new/jump.v:]
WARNING: [filemgmt 56-199] Attempt to get parsing info during refresh. "On-the-fly" syntax checking information may be incorrect. [B:/COLLEGE/19_20/Fall_19/CompE_475/ASS_4/MultiCycle/MultiCycle.srcs/sources_1/new/ALU.v:]
WARNING: [filemgmt 56-199] Attempt to get parsing info during refresh. "On-the-fly" syntax checking information may be incorrect. [B:/COLLEGE/19_20/Fall_19/CompE_475/ASS_4/MultiCycle/MultiCycle.srcs/sources_1/new/reg0.v:]
WARNING: [filemgmt 56-199] Attempt to get parsing info during refresh. "On-the-fly" syntax checking information may be incorrect. [B:/COLLEGE/19_20/Fall_19/CompE_475/ASS_4/MultiCycle/MultiCycle.srcs/sources_1/new/program_counter.v:]
WARNING: [filemgmt 56-199] Attempt to get parsing info during refresh. "On-the-fly" syntax checking information may be incorrect. [B:/COLLEGE/19_20/Fall_19/CompE_475/ASS_4/MultiCycle/MultiCycle.srcs/sources_1/new/reg1.v:]
WARNING: [filemgmt 56-199] Attempt to get parsing info during refresh. "On-the-fly" syntax checking information may be incorrect. [B:/COLLEGE/19_20/Fall_19/CompE_475/ASS_4/MultiCycle/MultiCycle.srcs/sources_1/new/and0.v:]
WARNING: [filemgmt 56-199] Attempt to get parsing info during refresh. "On-the-fly" syntax checking information may be incorrect. [B:/COLLEGE/19_20/Fall_19/CompE_475/ASS_4/MultiCycle/MultiCycle.srcs/sources_1/new/control_unit.v:]
WARNING: [filemgmt 56-199] Attempt to get parsing info during refresh. "On-the-fly" syntax checking information may be incorrect. [B:/COLLEGE/19_20/Fall_19/CompE_475/ASS_4/MultiCycle/MultiCycle.srcs/sources_1/new/top_module.v:]
WARNING: [filemgmt 56-199] Attempt to get parsing info during refresh. "On-the-fly" syntax checking information may be incorrect. [B:/COLLEGE/19_20/Fall_19/CompE_475/ASS_4/MultiCycle/MultiCycle.srcs/sources_1/new/mux5.v:]
WARNING: [filemgmt 56-199] Attempt to get parsing info during refresh. "On-the-fly" syntax checking information may be incorrect. [B:/COLLEGE/19_20/Fall_19/CompE_475/ASS_4/MultiCycle/MultiCycle.srcs/sources_1/new/mux4.v:]
WARNING: [filemgmt 56-199] Attempt to get parsing info during refresh. "On-the-fly" syntax checking information may be incorrect. [B:/COLLEGE/19_20/Fall_19/CompE_475/ASS_4/MultiCycle/MultiCycle.srcs/sources_1/new/inst_register.v:]
WARNING: [filemgmt 56-199] Attempt to get parsing info during refresh. "On-the-fly" syntax checking information may be incorrect. [B:/COLLEGE/19_20/Fall_19/CompE_475/ASS_4/MultiCycle/MultiCycle.srcs/sources_1/new/mux3.v:]
WARNING: [filemgmt 56-199] Attempt to get parsing info during refresh. "On-the-fly" syntax checking information may be incorrect. [B:/COLLEGE/19_20/Fall_19/CompE_475/ASS_4/MultiCycle/MultiCycle.srcs/sources_1/new/mux2.v:]
WARNING: [filemgmt 56-199] Attempt to get parsing info during refresh. "On-the-fly" syntax checking information may be incorrect. [B:/COLLEGE/19_20/Fall_19/CompE_475/ASS_4/MultiCycle/MultiCycle.srcs/sources_1/new/mux1.v:]
WARNING: [filemgmt 56-199] Attempt to get parsing info during refresh. "On-the-fly" syntax checking information may be incorrect. [B:/COLLEGE/19_20/Fall_19/CompE_475/ASS_4/MultiCycle/MultiCycle.srcs/sources_1/new/mux0.v:]
WARNING: [filemgmt 56-199] Attempt to get parsing info during refresh. "On-the-fly" syntax checking information may be incorrect. [B:/COLLEGE/19_20/Fall_19/CompE_475/ASS_4/MultiCycle/MultiCycle.srcs/sources_1/new/sign_extension.v:]
WARNING: [filemgmt 56-199] Attempt to get parsing info during refresh. "On-the-fly" syntax checking information may be incorrect. [B:/COLLEGE/19_20/Fall_19/CompE_475/ASS_4/MultiCycle/MultiCycle.srcs/sources_1/new/data_register.v:]
WARNING: [filemgmt 56-199] Attempt to get parsing info during refresh. "On-the-fly" syntax checking information may be incorrect. [B:/COLLEGE/19_20/Fall_19/CompE_475/ASS_4/MultiCycle/MultiCycle.srcs/sources_1/new/memory.v:]
WARNING: [filemgmt 56-199] Attempt to get parsing info during refresh. "On-the-fly" syntax checking information may be incorrect. [B:/COLLEGE/19_20/Fall_19/CompE_475/ASS_4/MultiCycle/MultiCycle.srcs/sources_1/new/or0.v:]
WARNING: [filemgmt 56-199] Attempt to get parsing info during refresh. "On-the-fly" syntax checking information may be incorrect. [B:/COLLEGE/19_20/Fall_19/CompE_475/ASS_4/MultiCycle/MultiCycle.srcs/sources_1/new/reg_file.v:]
WARNING: [filemgmt 56-199] Attempt to get parsing info during refresh. "On-the-fly" syntax checking information may be incorrect. [B:/COLLEGE/19_20/Fall_19/CompE_475/ASS_4/MultiCycle/MultiCycle.srcs/sources_1/new/jump.v:]
WARNING: [filemgmt 56-199] Attempt to get parsing info during refresh. "On-the-fly" syntax checking information may be incorrect. [B:/COLLEGE/19_20/Fall_19/CompE_475/ASS_4/MultiCycle/MultiCycle.srcs/sources_1/new/ALU.v:]
WARNING: [filemgmt 56-199] Attempt to get parsing info during refresh. "On-the-fly" syntax checking information may be incorrect. [B:/COLLEGE/19_20/Fall_19/CompE_475/ASS_4/MultiCycle/MultiCycle.srcs/sources_1/new/reg0.v:]
WARNING: [filemgmt 56-199] Attempt to get parsing info during refresh. "On-the-fly" syntax checking information may be incorrect. [B:/COLLEGE/19_20/Fall_19/CompE_475/ASS_4/MultiCycle/MultiCycle.srcs/sources_1/new/program_counter.v:]
WARNING: [filemgmt 56-199] Attempt to get parsing info during refresh. "On-the-fly" syntax checking information may be incorrect. [B:/COLLEGE/19_20/Fall_19/CompE_475/ASS_4/MultiCycle/MultiCycle.srcs/sources_1/new/reg1.v:]
WARNING: [filemgmt 56-199] Attempt to get parsing info during refresh. "On-the-fly" syntax checking information may be incorrect. [B:/COLLEGE/19_20/Fall_19/CompE_475/ASS_4/MultiCycle/MultiCycle.srcs/sources_1/new/and0.v:]
WARNING: [filemgmt 56-199] Attempt to get parsing info during refresh. "On-the-fly" syntax checking information may be incorrect. [B:/COLLEGE/19_20/Fall_19/CompE_475/ASS_4/MultiCycle/MultiCycle.srcs/sources_1/new/control_unit.v:]
WARNING: [filemgmt 56-199] Attempt to get parsing info during refresh. "On-the-fly" syntax checking information may be incorrect. [B:/COLLEGE/19_20/Fall_19/CompE_475/ASS_4/MultiCycle/MultiCycle.srcs/sources_1/new/top_module.v:]
INFO: [Common 17-14] Message 'filemgmt 56-199' appears 100 times and further instances of the messages will be disabled. Use the Tcl command set_msg_config to change the current settings.
ERROR: [Common 17-180] Spawn failed: No error
ERROR: [Common 17-180] Spawn failed: No error
ERROR: [Common 17-180] Spawn failed: No error
exit
INFO: [Common 17-206] Exiting Vivado at Sat Sep 28 10:30:55 2019...
